\BOOKMARK [0][-]{chapter.1}{Introducci\363n}{}% 1
\BOOKMARK [1][-]{section.1.1}{Transformaci\363n Martens\355tica}{chapter.1}% 2
\BOOKMARK [2][-]{subsection.1.1.1}{Transformaci\363n martens\355tica en monocristales}{section.1.1}% 3
\BOOKMARK [2][-]{subsection.1.1.2}{Factores que afectan la tensi\363n cr\355tica de transformaci\363n}{section.1.1}% 4
\BOOKMARK [2][-]{subsection.1.1.3}{Transformaci\363n martens\355tica en policristales}{section.1.1}% 5
\BOOKMARK [1][-]{section.1.2}{Disipaci\363n de energ\355a}{chapter.1}% 6
\BOOKMARK [1][-]{section.1.3}{Memoria de forma}{chapter.1}% 7
\BOOKMARK [1][-]{section.1.4}{Aleaci\363n Cu-Zn-Al}{chapter.1}% 8
\BOOKMARK [1][-]{section.1.5}{Esponjas met\341licas}{chapter.1}% 9
\BOOKMARK [1][-]{section.1.6}{Esponjas con memoria de forma }{chapter.1}% 10
\BOOKMARK [0][-]{chapter.2}{Procedimiento Experimental}{}% 11
\BOOKMARK [1][-]{section.2.1}{Preparaci\363n de la aleaci\363n}{chapter.2}% 12
\BOOKMARK [1][-]{section.2.2}{Reducci\363n del tama\361o de grano}{chapter.2}% 13
\BOOKMARK [1][-]{section.2.3}{Fabricaci\363n de esponjas}{chapter.2}% 14
\BOOKMARK [1][-]{section.2.4}{Caracterizaci\363n y Ensayos}{chapter.2}% 15
\BOOKMARK [2][-]{subsection.2.4.1}{Medici\363n de temperatura de transformaci\363n martens\355tica}{section.2.4}% 16
\BOOKMARK [2][-]{subsection.2.4.2}{Metalograf\355a}{section.2.4}% 17
\BOOKMARK [2][-]{subsection.2.4.3}{Respuesta mec\341nica a compresi\363n}{section.2.4}% 18
\BOOKMARK [2][-]{subsection.2.4.4}{Resistencia}{section.2.4}% 19
\BOOKMARK [0][-]{chapter.3}{Resultados y discusi\363n}{}% 20
\BOOKMARK [1][-]{section.3.1}{Tama\361o de grano}{chapter.3}% 21
\BOOKMARK [2][-]{subsection.3.1.1}{Reducci\363n del tama\361o de grano}{section.3.1}% 22
\BOOKMARK [2][-]{subsection.3.1.2}{Discusi\363n}{section.3.1}% 23
\BOOKMARK [1][-]{section.3.2}{Evaluaci\363n por resistividad de la integridad estructural}{chapter.3}% 24
\BOOKMARK [2][-]{subsection.3.2.1}{Ensayos realizados con un monocristal y un policristal s\363lidos}{section.3.2}% 25
\BOOKMARK [2][-]{subsection.3.2.2}{Ensayos realizados con esponjas}{section.3.2}% 26
\BOOKMARK [0][-]{chapter.4}{Conclusiones}{}% 27
\BOOKMARK [0][-]{chapter.4}{Bibliograf\355a}{}% 28
